2017/03/07 23:24:38 [error] [exception.CHttpException.404] exception 'CHttpException' with message 'The system is unable to find the requested action "create".' in C:\yii\framework\web\CController.php:483
Stack trace:
#0 C:\yii\framework\web\CController.php(270): CController->missingAction('create')
#1 C:\yii\framework\web\CWebApplication.php(282): CController->run('create')
#2 C:\yii\framework\web\CWebApplication.php(141): CWebApplication->runController('site/create')
#3 C:\yii\framework\base\CApplication.php(185): CWebApplication->processRequest()
#4 C:\xampp\htdocs\condominium\index.php(13): CApplication->run()
#5 {main}
REQUEST_URI=/condominium/index.php?r=site/create
---
2017/03/08 00:15:17 [error] [exception.CHttpException.404] exception 'CHttpException' with message 'The system is unable to find the requested action "create".' in C:\yii\framework\web\CController.php:483
Stack trace:
#0 C:\yii\framework\web\CController.php(270): CController->missingAction('create')
#1 C:\yii\framework\web\CWebApplication.php(282): CController->run('create')
#2 C:\yii\framework\web\CWebApplication.php(141): CWebApplication->runController('site/create')
#3 C:\yii\framework\base\CApplication.php(185): CWebApplication->processRequest()
#4 C:\xampp\htdocs\condominium\index.php(13): CApplication->run()
#5 {main}
REQUEST_URI=/condominium/index.php?r=site/create
---
2017/03/08 00:21:48 [error] [exception.CHttpException.404] exception 'CHttpException' with message 'Unable to resolve the request "gii/model/index".' in C:\yii\framework\web\CWebApplication.php:286
Stack trace:
#0 C:\yii\framework\web\CWebApplication.php(141): CWebApplication->runController('gii/model/index')
#1 C:\yii\framework\base\CApplication.php(185): CWebApplication->processRequest()
#2 C:\xampp\htdocs\condominium\index.php(13): CApplication->run()
#3 {main}
REQUEST_URI=/condominium/index.php?r=gii/model/index
---
2017/03/08 00:22:30 [error] [exception.CHttpException.404] exception 'CHttpException' with message 'Unable to resolve the request "gii".' in C:\yii\framework\web\CWebApplication.php:286
Stack trace:
#0 C:\yii\framework\web\CWebApplication.php(141): CWebApplication->runController('gii')
#1 C:\yii\framework\base\CApplication.php(185): CWebApplication->processRequest()
#2 C:\xampp\htdocs\condominium\index.php(13): CApplication->run()
#3 {main}
REQUEST_URI=/condominium/index.php?r=gii
---
2017/03/08 01:13:20 [error] [php] Undefined variable: dataProvider (C:\xampp\htdocs\condominium\protected\views\reserva\index.php:18)
Stack trace:
#0 C:\yii\framework\web\CController.php(869): ReservaController->renderFile()
#1 C:\yii\framework\web\CController.php(782): ReservaController->renderPartial()
#2 C:\xampp\htdocs\condominium\protected\controllers\ReservaController.php(129): ReservaController->render()
#3 C:\yii\framework\web\actions\CInlineAction.php(49): ReservaController->actionIndex()
#4 C:\yii\framework\web\CController.php(308): CInlineAction->runWithParams()
#5 C:\yii\framework\web\filters\CFilterChain.php(133): ReservaController->runAction()
#6 C:\yii\framework\web\filters\CFilter.php(40): CFilterChain->run()
#7 C:\yii\framework\web\CController.php(1145): CAccessControlFilter->filter()
#8 C:\yii\framework\web\filters\CInlineFilter.php(58): ReservaController->filterAccessControl()
#9 C:\yii\framework\web\filters\CFilterChain.php(130): CInlineFilter->filter()
#10 C:\yii\framework\web\CController.php(291): CFilterChain->run()
#11 C:\yii\framework\web\CController.php(265): ReservaController->runActionWithFilters()
#12 C:\yii\framework\web\CWebApplication.php(282): ReservaController->run()
#13 C:\yii\framework\web\CWebApplication.php(141): CWebApplication->runController()
#14 C:\yii\framework\base\CApplication.php(185): CWebApplication->processRequest()
#15 C:\xampp\htdocs\condominium\index.php(13): CWebApplication->run()
REQUEST_URI=/condominium/index.php?r=reserva/index
in C:\xampp\htdocs\condominium\protected\views\reserva\index.php (18)
in C:\xampp\htdocs\condominium\protected\controllers\ReservaController.php (129)
in C:\xampp\htdocs\condominium\index.php (13)
2017/03/08 01:14:01 [error] [exception.CException] exception 'CException' with message 'The "dataProvider" property cannot be empty.' in C:\yii\framework\zii\widgets\CBaseListView.php:123
Stack trace:
#0 C:\yii\framework\zii\widgets\CListView.php(211): CBaseListView->init()
#1 C:\yii\framework\web\CBaseController.php(147): CListView->init()
#2 C:\yii\framework\web\CBaseController.php(180): CBaseController->createWidget('zii.widgets.CLi...', Array)
#3 C:\xampp\htdocs\condominium\protected\views\reserva\index.php(20): CBaseController->widget('zii.widgets.CLi...', Array)
#4 C:\yii\framework\web\CBaseController.php(126): require('C:\\xampp\\htdocs...')
#5 C:\yii\framework\web\CBaseController.php(95): CBaseController->renderInternal('C:\\xampp\\htdocs...', Array, true)
#6 C:\yii\framework\web\CController.php(869): CBaseController->renderFile('C:\\xampp\\htdocs...', Array, true)
#7 C:\yii\framework\web\CController.php(782): CController->renderPartial('index', Array, true)
#8 C:\xampp\htdocs\condominium\protected\controllers\ReservaController.php(130): CController->render('index', Array)
#9 C:\yii\framework\web\actions\CInlineAction.php(49): ReservaController->actionIndex()
#10 C:\yii\framework\web\CController.php(308): CInlineAction->runWithParams(Array)
#11 C:\yii\framework\web\filters\CFilterChain.php(133): CController->runAction(Object(CInlineAction))
#12 C:\yii\framework\web\filters\CFilter.php(40): CFilterChain->run()
#13 C:\yii\framework\web\CController.php(1145): CFilter->filter(Object(CFilterChain))
#14 C:\yii\framework\web\filters\CInlineFilter.php(58): CController->filterAccessControl(Object(CFilterChain))
#15 C:\yii\framework\web\filters\CFilterChain.php(130): CInlineFilter->filter(Object(CFilterChain))
#16 C:\yii\framework\web\CController.php(291): CFilterChain->run()
#17 C:\yii\framework\web\CController.php(265): CController->runActionWithFilters(Object(CInlineAction), Array)
#18 C:\yii\framework\web\CWebApplication.php(282): CController->run('index')
#19 C:\yii\framework\web\CWebApplication.php(141): CWebApplication->runController('reserva/index')
#20 C:\yii\framework\base\CApplication.php(185): CWebApplication->processRequest()
#21 C:\xampp\htdocs\condominium\index.php(13): CApplication->run()
#22 {main}
REQUEST_URI=/condominium/index.php?r=reserva/index
HTTP_REFERER=http://localhost/condominium/index.php?r=site/index
---
2017/03/08 07:46:09 [error] [exception.CDbException] exception 'CDbException' with message 'CDbConnection failed to open the DB connection: SQLSTATE[HY000] [1049] Unknown database 'condominiumdb'' in C:\xampp\htdocs\yii\framework\db\CDbConnection.php:381
Stack trace:
#0 C:\xampp\htdocs\yii\framework\db\CDbConnection.php(330): CDbConnection->open()
#1 C:\xampp\htdocs\yii\framework\db\CDbConnection.php(308): CDbConnection->setActive(true)
#2 C:\xampp\htdocs\yii\framework\base\CModule.php(387): CDbConnection->init()
#3 C:\xampp\htdocs\yii\framework\base\CApplication.php(438): CModule->getComponent('db')
#4 C:\xampp\htdocs\yii\framework\db\ar\CActiveRecord.php(623): CApplication->getDb()
#5 C:\xampp\htdocs\yii\framework\db\ar\CActiveRecord.php(2311): CActiveRecord->getDbConnection()
#6 C:\xampp\htdocs\yii\framework\db\ar\CActiveRecord.php(387): CActiveRecordMetaData->__construct(Object(Reserva))
#7 C:\xampp\htdocs\yii\framework\web\CActiveDataProvider.php(74): CActiveRecord::model('Reserva')
#8 C:\xampp\htdocs\condominium\protected\controllers\ReservaController.php(124): CActiveDataProvider->__construct('Reserva')
#9 C:\xampp\htdocs\yii\framework\web\actions\CInlineAction.php(49): ReservaController->actionIndex()
#10 C:\xampp\htdocs\yii\framework\web\CController.php(308): CInlineAction->runWithParams(Array)
#11 C:\xampp\htdocs\yii\framework\web\filters\CFilterChain.php(133): CController->runAction(Object(CInlineAction))
#12 C:\xampp\htdocs\yii\framework\web\filters\CFilter.php(40): CFilterChain->run()
#13 C:\xampp\htdocs\yii\framework\web\CController.php(1145): CFilter->filter(Object(CFilterChain))
#14 C:\xampp\htdocs\yii\framework\web\filters\CInlineFilter.php(58): CController->filterAccessControl(Object(CFilterChain))
#15 C:\xampp\htdocs\yii\framework\web\filters\CFilterChain.php(130): CInlineFilter->filter(Object(CFilterChain))
#16 C:\xampp\htdocs\yii\framework\web\CController.php(291): CFilterChain->run()
#17 C:\xampp\htdocs\yii\framework\web\CController.php(265): CController->runActionWithFilters(Object(CInlineAction), Array)
#18 C:\xampp\htdocs\yii\framework\web\CWebApplication.php(282): CController->run('index')
#19 C:\xampp\htdocs\yii\framework\web\CWebApplication.php(141): CWebApplication->runController('reserva/index')
#20 C:\xampp\htdocs\yii\framework\base\CApplication.php(169): CWebApplication->processRequest()
#21 C:\xampp\htdocs\condominium\index.php(13): CApplication->run()
#22 {main}
REQUEST_URI=/condominium/index.php?r=reserva/index
HTTP_REFERER=http://localhost/condominium/
---
2017/03/08 18:39:13 [error] [php] Missing argument 2 for CDbCommand::join(), called in C:\xampp\htdocs\condominium\protected\controllers\ReservaController.php on line 130 and defined (C:\yii\framework\db\CDbCommand.php:868)
Stack trace:
#0 C:\yii\framework\web\CController.php(308): CInlineAction->runWithParams()
#1 C:\yii\framework\web\filters\CFilterChain.php(133): ReservaController->runAction()
#2 C:\yii\framework\web\filters\CFilter.php(40): CFilterChain->run()
#3 C:\yii\framework\web\CController.php(1145): CAccessControlFilter->filter()
#4 C:\yii\framework\web\filters\CInlineFilter.php(58): ReservaController->filterAccessControl()
#5 C:\yii\framework\web\filters\CFilterChain.php(130): CInlineFilter->filter()
#6 C:\yii\framework\web\CController.php(291): CFilterChain->run()
#7 C:\yii\framework\web\CController.php(265): ReservaController->runActionWithFilters()
#8 C:\yii\framework\web\CWebApplication.php(282): ReservaController->run()
#9 C:\yii\framework\web\CWebApplication.php(141): CWebApplication->runController()
#10 C:\yii\framework\base\CApplication.php(185): CWebApplication->processRequest()
#11 C:\xampp\htdocs\condominium\index.php(13): CWebApplication->run()
REQUEST_URI=/condominium/index.php?r=reserva/index
in C:\xampp\htdocs\condominium\protected\controllers\ReservaController.php (130)
in C:\xampp\htdocs\condominium\index.php (13)
2017/03/08 18:39:31 [error] [php] Missing argument 2 for CDbCommand::join(), called in C:\xampp\htdocs\condominium\protected\controllers\ReservaController.php on line 130 and defined (C:\yii\framework\db\CDbCommand.php:868)
Stack trace:
#0 C:\yii\framework\web\CController.php(308): CInlineAction->runWithParams()
#1 C:\yii\framework\web\filters\CFilterChain.php(133): ReservaController->runAction()
#2 C:\yii\framework\web\filters\CFilter.php(40): CFilterChain->run()
#3 C:\yii\framework\web\CController.php(1145): CAccessControlFilter->filter()
#4 C:\yii\framework\web\filters\CInlineFilter.php(58): ReservaController->filterAccessControl()
#5 C:\yii\framework\web\filters\CFilterChain.php(130): CInlineFilter->filter()
#6 C:\yii\framework\web\CController.php(291): CFilterChain->run()
#7 C:\yii\framework\web\CController.php(265): ReservaController->runActionWithFilters()
#8 C:\yii\framework\web\CWebApplication.php(282): ReservaController->run()
#9 C:\yii\framework\web\CWebApplication.php(141): CWebApplication->runController()
#10 C:\yii\framework\base\CApplication.php(185): CWebApplication->processRequest()
#11 C:\xampp\htdocs\condominium\index.php(13): CWebApplication->run()
REQUEST_URI=/condominium/index.php?r=reserva/index
in C:\xampp\htdocs\condominium\protected\controllers\ReservaController.php (130)
in C:\xampp\htdocs\condominium\index.php (13)
2017/03/08 18:40:05 [error] [php] Undefined variable: today (C:\xampp\htdocs\condominium\protected\controllers\ReservaController.php:131)
Stack trace:
#0 C:\yii\framework\web\filters\CFilterChain.php(133): ReservaController->runAction()
#1 C:\yii\framework\web\filters\CFilter.php(40): CFilterChain->run()
#2 C:\yii\framework\web\CController.php(1145): CAccessControlFilter->filter()
#3 C:\yii\framework\web\filters\CInlineFilter.php(58): ReservaController->filterAccessControl()
#4 C:\yii\framework\web\filters\CFilterChain.php(130): CInlineFilter->filter()
#5 C:\yii\framework\web\CController.php(291): CFilterChain->run()
#6 C:\yii\framework\web\CController.php(265): ReservaController->runActionWithFilters()
#7 C:\yii\framework\web\CWebApplication.php(282): ReservaController->run()
#8 C:\yii\framework\web\CWebApplication.php(141): CWebApplication->runController()
#9 C:\yii\framework\base\CApplication.php(185): CWebApplication->processRequest()
#10 C:\xampp\htdocs\condominium\index.php(13): CWebApplication->run()
REQUEST_URI=/condominium/index.php?r=reserva/index
in C:\xampp\htdocs\condominium\protected\controllers\ReservaController.php (131)
in C:\xampp\htdocs\condominium\index.php (13)
2017/03/08 18:40:36 [error] [php] Undefined variable: today (C:\xampp\htdocs\condominium\protected\controllers\ReservaController.php:131)
Stack trace:
#0 C:\yii\framework\web\filters\CFilterChain.php(133): ReservaController->runAction()
#1 C:\yii\framework\web\filters\CFilter.php(40): CFilterChain->run()
#2 C:\yii\framework\web\CController.php(1145): CAccessControlFilter->filter()
#3 C:\yii\framework\web\filters\CInlineFilter.php(58): ReservaController->filterAccessControl()
#4 C:\yii\framework\web\filters\CFilterChain.php(130): CInlineFilter->filter()
#5 C:\yii\framework\web\CController.php(291): CFilterChain->run()
#6 C:\yii\framework\web\CController.php(265): ReservaController->runActionWithFilters()
#7 C:\yii\framework\web\CWebApplication.php(282): ReservaController->run()
#8 C:\yii\framework\web\CWebApplication.php(141): CWebApplication->runController()
#9 C:\yii\framework\base\CApplication.php(185): CWebApplication->processRequest()
#10 C:\xampp\htdocs\condominium\index.php(13): CWebApplication->run()
REQUEST_URI=/condominium/index.php?r=reserva/index
in C:\xampp\htdocs\condominium\protected\controllers\ReservaController.php (131)
in C:\xampp\htdocs\condominium\index.php (13)
2017/03/08 18:40:36 [error] [php] Undefined variable: today (C:\xampp\htdocs\condominium\protected\controllers\ReservaController.php:131)
Stack trace:
#0 C:\yii\framework\web\filters\CFilterChain.php(133): ReservaController->runAction()
#1 C:\yii\framework\web\filters\CFilter.php(40): CFilterChain->run()
#2 C:\yii\framework\web\CController.php(1145): CAccessControlFilter->filter()
#3 C:\yii\framework\web\filters\CInlineFilter.php(58): ReservaController->filterAccessControl()
#4 C:\yii\framework\web\filters\CFilterChain.php(130): CInlineFilter->filter()
#5 C:\yii\framework\web\CController.php(291): CFilterChain->run()
#6 C:\yii\framework\web\CController.php(265): ReservaController->runActionWithFilters()
#7 C:\yii\framework\web\CWebApplication.php(282): ReservaController->run()
#8 C:\yii\framework\web\CWebApplication.php(141): CWebApplication->runController()
#9 C:\yii\framework\base\CApplication.php(185): CWebApplication->processRequest()
#10 C:\xampp\htdocs\condominium\index.php(13): CWebApplication->run()
REQUEST_URI=/condominium/index.php?r=reserva/index
in C:\xampp\htdocs\condominium\protected\controllers\ReservaController.php (131)
in C:\xampp\htdocs\condominium\index.php (13)
2017/03/08 18:40:43 [error] [system.db.CDbCommand] CDbCommand::fetch() failed: SQLSTATE[42S22]: Column not found: 1054 Unknown column 'espaco.name' in 'field list'. The SQL statement executed was: SELECT `dataInicio`, `dataFim`, `espacoId`, `espaco`.`name`
FROM `reserva`
JOIN `espaco` ON reserva.espacoId = espaco.id
WHERE dataInicio >= :dtIn AND dataFim >= :end.
in C:\xampp\htdocs\condominium\protected\controllers\ReservaController.php (132)
in C:\xampp\htdocs\condominium\index.php (13)
2017/03/08 18:40:43 [error] [exception.CDbException] exception 'CDbException' with message 'CDbCommand failed to execute the SQL statement: SQLSTATE[42S22]: Column not found: 1054 Unknown column 'espaco.name' in 'field list'. The SQL statement executed was: SELECT `dataInicio`, `dataFim`, `espacoId`, `espaco`.`name`
FROM `reserva`
JOIN `espaco` ON reserva.espacoId = espaco.id
WHERE dataInicio >= :dtIn AND dataFim >= :end' in C:\yii\framework\db\CDbCommand.php:543
Stack trace:
#0 C:\yii\framework\db\CDbCommand.php(415): CDbCommand->queryInternal('fetch', Array, Array)
#1 C:\xampp\htdocs\condominium\protected\controllers\ReservaController.php(132): CDbCommand->queryRow()
#2 C:\yii\framework\web\actions\CInlineAction.php(49): ReservaController->actionIndex()
#3 C:\yii\framework\web\CController.php(308): CInlineAction->runWithParams(Array)
#4 C:\yii\framework\web\filters\CFilterChain.php(133): CController->runAction(Object(CInlineAction))
#5 C:\yii\framework\web\filters\CFilter.php(40): CFilterChain->run()
#6 C:\yii\framework\web\CController.php(1145): CFilter->filter(Object(CFilterChain))
#7 C:\yii\framework\web\filters\CInlineFilter.php(58): CController->filterAccessControl(Object(CFilterChain))
#8 C:\yii\framework\web\filters\CFilterChain.php(130): CInlineFilter->filter(Object(CFilterChain))
#9 C:\yii\framework\web\CController.php(291): CFilterChain->run()
#10 C:\yii\framework\web\CController.php(265): CController->runActionWithFilters(Object(CInlineAction), Array)
#11 C:\yii\framework\web\CWebApplication.php(282): CController->run('index')
#12 C:\yii\framework\web\CWebApplication.php(141): CWebApplication->runController('reserva/index')
#13 C:\yii\framework\base\CApplication.php(185): CWebApplication->processRequest()
#14 C:\xampp\htdocs\condominium\index.php(13): CApplication->run()
#15 {main}
REQUEST_URI=/condominium/index.php?r=reserva/index
HTTP_REFERER=http://127.0.0.1/condominium/
---
2017/03/08 18:40:51 [error] [system.db.CDbCommand] CDbCommand::fetch() failed: SQLSTATE[42S22]: Column not found: 1054 Unknown column 'espaco.name' in 'field list'. The SQL statement executed was: SELECT `dataInicio`, `dataFim`, `espacoId`, `espaco`.`name`
FROM `reserva`
JOIN `espaco` ON reserva.espacoId = espaco.id
WHERE dataInicio >= :dtIn AND dataFim >= :end.
in C:\xampp\htdocs\condominium\protected\controllers\ReservaController.php (132)
in C:\xampp\htdocs\condominium\index.php (13)
2017/03/08 18:40:51 [error] [exception.CDbException] exception 'CDbException' with message 'CDbCommand failed to execute the SQL statement: SQLSTATE[42S22]: Column not found: 1054 Unknown column 'espaco.name' in 'field list'. The SQL statement executed was: SELECT `dataInicio`, `dataFim`, `espacoId`, `espaco`.`name`
FROM `reserva`
JOIN `espaco` ON reserva.espacoId = espaco.id
WHERE dataInicio >= :dtIn AND dataFim >= :end' in C:\yii\framework\db\CDbCommand.php:543
Stack trace:
#0 C:\yii\framework\db\CDbCommand.php(415): CDbCommand->queryInternal('fetch', Array, Array)
#1 C:\xampp\htdocs\condominium\protected\controllers\ReservaController.php(132): CDbCommand->queryRow()
#2 C:\yii\framework\web\actions\CInlineAction.php(49): ReservaController->actionIndex()
#3 C:\yii\framework\web\CController.php(308): CInlineAction->runWithParams(Array)
#4 C:\yii\framework\web\filters\CFilterChain.php(133): CController->runAction(Object(CInlineAction))
#5 C:\yii\framework\web\filters\CFilter.php(40): CFilterChain->run()
#6 C:\yii\framework\web\CController.php(1145): CFilter->filter(Object(CFilterChain))
#7 C:\yii\framework\web\filters\CInlineFilter.php(58): CController->filterAccessControl(Object(CFilterChain))
#8 C:\yii\framework\web\filters\CFilterChain.php(130): CInlineFilter->filter(Object(CFilterChain))
#9 C:\yii\framework\web\CController.php(291): CFilterChain->run()
#10 C:\yii\framework\web\CController.php(265): CController->runActionWithFilters(Object(CInlineAction), Array)
#11 C:\yii\framework\web\CWebApplication.php(282): CController->run('index')
#12 C:\yii\framework\web\CWebApplication.php(141): CWebApplication->runController('reserva/index')
#13 C:\yii\framework\base\CApplication.php(185): CWebApplication->processRequest()
#14 C:\xampp\htdocs\condominium\index.php(13): CApplication->run()
#15 {main}
REQUEST_URI=/condominium/index.php?r=reserva/index
HTTP_REFERER=http://127.0.0.1/condominium/
---
2017/03/08 18:53:55 [error] [php] Array to string conversion (C:\xampp\htdocs\condominium\protected\views\reserva\index.php:23)
Stack trace:
#0 C:\yii\framework\web\CController.php(869): ReservaController->renderFile()
#1 C:\yii\framework\web\CController.php(782): ReservaController->renderPartial()
#2 C:\xampp\htdocs\condominium\protected\controllers\ReservaController.php(135): ReservaController->render()
#3 C:\yii\framework\web\actions\CInlineAction.php(49): ReservaController->actionIndex()
#4 C:\yii\framework\web\CController.php(308): CInlineAction->runWithParams()
#5 C:\yii\framework\web\filters\CFilterChain.php(133): ReservaController->runAction()
#6 C:\yii\framework\web\filters\CFilter.php(40): CFilterChain->run()
#7 C:\yii\framework\web\CController.php(1145): CAccessControlFilter->filter()
#8 C:\yii\framework\web\filters\CInlineFilter.php(58): ReservaController->filterAccessControl()
#9 C:\yii\framework\web\filters\CFilterChain.php(130): CInlineFilter->filter()
#10 C:\yii\framework\web\CController.php(291): CFilterChain->run()
#11 C:\yii\framework\web\CController.php(265): ReservaController->runActionWithFilters()
#12 C:\yii\framework\web\CWebApplication.php(282): ReservaController->run()
#13 C:\yii\framework\web\CWebApplication.php(141): CWebApplication->runController()
#14 C:\yii\framework\base\CApplication.php(185): CWebApplication->processRequest()
#15 C:\xampp\htdocs\condominium\index.php(13): CWebApplication->run()
REQUEST_URI=/condominium/index.php?r=reserva/index
in C:\xampp\htdocs\condominium\protected\views\reserva\index.php (23)
in C:\xampp\htdocs\condominium\protected\controllers\ReservaController.php (135)
in C:\xampp\htdocs\condominium\index.php (13)
2017/03/08 18:54:04 [error] [php] Array to string conversion (C:\xampp\htdocs\condominium\protected\views\reserva\index.php:23)
Stack trace:
#0 C:\yii\framework\web\CController.php(869): ReservaController->renderFile()
#1 C:\yii\framework\web\CController.php(782): ReservaController->renderPartial()
#2 C:\xampp\htdocs\condominium\protected\controllers\ReservaController.php(135): ReservaController->render()
#3 C:\yii\framework\web\actions\CInlineAction.php(49): ReservaController->actionIndex()
#4 C:\yii\framework\web\CController.php(308): CInlineAction->runWithParams()
#5 C:\yii\framework\web\filters\CFilterChain.php(133): ReservaController->runAction()
#6 C:\yii\framework\web\filters\CFilter.php(40): CFilterChain->run()
#7 C:\yii\framework\web\CController.php(1145): CAccessControlFilter->filter()
#8 C:\yii\framework\web\filters\CInlineFilter.php(58): ReservaController->filterAccessControl()
#9 C:\yii\framework\web\filters\CFilterChain.php(130): CInlineFilter->filter()
#10 C:\yii\framework\web\CController.php(291): CFilterChain->run()
#11 C:\yii\framework\web\CController.php(265): ReservaController->runActionWithFilters()
#12 C:\yii\framework\web\CWebApplication.php(282): ReservaController->run()
#13 C:\yii\framework\web\CWebApplication.php(141): CWebApplication->runController()
#14 C:\yii\framework\base\CApplication.php(185): CWebApplication->processRequest()
#15 C:\xampp\htdocs\condominium\index.php(13): CWebApplication->run()
REQUEST_URI=/condominium/index.php?r=reserva/index
in C:\xampp\htdocs\condominium\protected\views\reserva\index.php (23)
in C:\xampp\htdocs\condominium\protected\controllers\ReservaController.php (135)
in C:\xampp\htdocs\condominium\index.php (13)
2017/03/08 18:54:13 [error] [php] Array to string conversion (C:\xampp\htdocs\condominium\protected\views\reserva\index.php:23)
Stack trace:
#0 C:\yii\framework\web\CController.php(869): ReservaController->renderFile()
#1 C:\yii\framework\web\CController.php(782): ReservaController->renderPartial()
#2 C:\xampp\htdocs\condominium\protected\controllers\ReservaController.php(135): ReservaController->render()
#3 C:\yii\framework\web\actions\CInlineAction.php(49): ReservaController->actionIndex()
#4 C:\yii\framework\web\CController.php(308): CInlineAction->runWithParams()
#5 C:\yii\framework\web\filters\CFilterChain.php(133): ReservaController->runAction()
#6 C:\yii\framework\web\filters\CFilter.php(40): CFilterChain->run()
#7 C:\yii\framework\web\CController.php(1145): CAccessControlFilter->filter()
#8 C:\yii\framework\web\filters\CInlineFilter.php(58): ReservaController->filterAccessControl()
#9 C:\yii\framework\web\filters\CFilterChain.php(130): CInlineFilter->filter()
#10 C:\yii\framework\web\CController.php(291): CFilterChain->run()
#11 C:\yii\framework\web\CController.php(265): ReservaController->runActionWithFilters()
#12 C:\yii\framework\web\CWebApplication.php(282): ReservaController->run()
#13 C:\yii\framework\web\CWebApplication.php(141): CWebApplication->runController()
#14 C:\yii\framework\base\CApplication.php(185): CWebApplication->processRequest()
#15 C:\xampp\htdocs\condominium\index.php(13): CWebApplication->run()
REQUEST_URI=/condominium/index.php?r=reserva/index
in C:\xampp\htdocs\condominium\protected\views\reserva\index.php (23)
in C:\xampp\htdocs\condominium\protected\controllers\ReservaController.php (135)
in C:\xampp\htdocs\condominium\index.php (13)
2017/03/08 18:54:39 [error] [php] Array to string conversion (C:\xampp\htdocs\condominium\protected\views\reserva\index.php:23)
Stack trace:
#0 C:\yii\framework\web\CController.php(869): ReservaController->renderFile()
#1 C:\yii\framework\web\CController.php(782): ReservaController->renderPartial()
#2 C:\xampp\htdocs\condominium\protected\controllers\ReservaController.php(135): ReservaController->render()
#3 C:\yii\framework\web\actions\CInlineAction.php(49): ReservaController->actionIndex()
#4 C:\yii\framework\web\CController.php(308): CInlineAction->runWithParams()
#5 C:\yii\framework\web\filters\CFilterChain.php(133): ReservaController->runAction()
#6 C:\yii\framework\web\filters\CFilter.php(40): CFilterChain->run()
#7 C:\yii\framework\web\CController.php(1145): CAccessControlFilter->filter()
#8 C:\yii\framework\web\filters\CInlineFilter.php(58): ReservaController->filterAccessControl()
#9 C:\yii\framework\web\filters\CFilterChain.php(130): CInlineFilter->filter()
#10 C:\yii\framework\web\CController.php(291): CFilterChain->run()
#11 C:\yii\framework\web\CController.php(265): ReservaController->runActionWithFilters()
#12 C:\yii\framework\web\CWebApplication.php(282): ReservaController->run()
#13 C:\yii\framework\web\CWebApplication.php(141): CWebApplication->runController()
#14 C:\yii\framework\base\CApplication.php(185): CWebApplication->processRequest()
#15 C:\xampp\htdocs\condominium\index.php(13): CWebApplication->run()
REQUEST_URI=/condominium/index.php?r=reserva/index
in C:\xampp\htdocs\condominium\protected\views\reserva\index.php (23)
in C:\xampp\htdocs\condominium\protected\controllers\ReservaController.php (135)
in C:\xampp\htdocs\condominium\index.php (13)
2017/03/08 18:55:00 [error] [php] Array to string conversion (C:\xampp\htdocs\condominium\protected\views\reserva\index.php:23)
Stack trace:
#0 C:\yii\framework\web\CController.php(869): ReservaController->renderFile()
#1 C:\yii\framework\web\CController.php(782): ReservaController->renderPartial()
#2 C:\xampp\htdocs\condominium\protected\controllers\ReservaController.php(135): ReservaController->render()
#3 C:\yii\framework\web\actions\CInlineAction.php(49): ReservaController->actionIndex()
#4 C:\yii\framework\web\CController.php(308): CInlineAction->runWithParams()
#5 C:\yii\framework\web\filters\CFilterChain.php(133): ReservaController->runAction()
#6 C:\yii\framework\web\filters\CFilter.php(40): CFilterChain->run()
#7 C:\yii\framework\web\CController.php(1145): CAccessControlFilter->filter()
#8 C:\yii\framework\web\filters\CInlineFilter.php(58): ReservaController->filterAccessControl()
#9 C:\yii\framework\web\filters\CFilterChain.php(130): CInlineFilter->filter()
#10 C:\yii\framework\web\CController.php(291): CFilterChain->run()
#11 C:\yii\framework\web\CController.php(265): ReservaController->runActionWithFilters()
#12 C:\yii\framework\web\CWebApplication.php(282): ReservaController->run()
#13 C:\yii\framework\web\CWebApplication.php(141): CWebApplication->runController()
#14 C:\yii\framework\base\CApplication.php(185): CWebApplication->processRequest()
#15 C:\xampp\htdocs\condominium\index.php(13): CWebApplication->run()
REQUEST_URI=/condominium/index.php?r=reserva/index
in C:\xampp\htdocs\condominium\protected\views\reserva\index.php (23)
in C:\xampp\htdocs\condominium\protected\controllers\ReservaController.php (135)
in C:\xampp\htdocs\condominium\index.php (13)
2017/03/08 18:55:06 [error] [php] Array to string conversion (C:\xampp\htdocs\condominium\protected\views\reserva\index.php:23)
Stack trace:
#0 C:\yii\framework\web\CController.php(869): ReservaController->renderFile()
#1 C:\yii\framework\web\CController.php(782): ReservaController->renderPartial()
#2 C:\xampp\htdocs\condominium\protected\controllers\ReservaController.php(135): ReservaController->render()
#3 C:\yii\framework\web\actions\CInlineAction.php(49): ReservaController->actionIndex()
#4 C:\yii\framework\web\CController.php(308): CInlineAction->runWithParams()
#5 C:\yii\framework\web\filters\CFilterChain.php(133): ReservaController->runAction()
#6 C:\yii\framework\web\filters\CFilter.php(40): CFilterChain->run()
#7 C:\yii\framework\web\CController.php(1145): CAccessControlFilter->filter()
#8 C:\yii\framework\web\filters\CInlineFilter.php(58): ReservaController->filterAccessControl()
#9 C:\yii\framework\web\filters\CFilterChain.php(130): CInlineFilter->filter()
#10 C:\yii\framework\web\CController.php(291): CFilterChain->run()
#11 C:\yii\framework\web\CController.php(265): ReservaController->runActionWithFilters()
#12 C:\yii\framework\web\CWebApplication.php(282): ReservaController->run()
#13 C:\yii\framework\web\CWebApplication.php(141): CWebApplication->runController()
#14 C:\yii\framework\base\CApplication.php(185): CWebApplication->processRequest()
#15 C:\xampp\htdocs\condominium\index.php(13): CWebApplication->run()
REQUEST_URI=/condominium/index.php?r=reserva/index
in C:\xampp\htdocs\condominium\protected\views\reserva\index.php (23)
in C:\xampp\htdocs\condominium\protected\controllers\ReservaController.php (135)
in C:\xampp\htdocs\condominium\index.php (13)
2017/03/08 19:14:25 [error] [php] Undefined variable: espacos (C:\xampp\htdocs\condominium\protected\views\reserva\index.php:20)
Stack trace:
#0 C:\yii\framework\web\CController.php(869): ReservaController->renderFile()
#1 C:\yii\framework\web\CController.php(782): ReservaController->renderPartial()
#2 C:\xampp\htdocs\condominium\protected\controllers\ReservaController.php(140): ReservaController->render()
#3 C:\yii\framework\web\actions\CInlineAction.php(49): ReservaController->actionIndex()
#4 C:\yii\framework\web\CController.php(308): CInlineAction->runWithParams()
#5 C:\yii\framework\web\filters\CFilterChain.php(133): ReservaController->runAction()
#6 C:\yii\framework\web\filters\CFilter.php(40): CFilterChain->run()
#7 C:\yii\framework\web\CController.php(1145): CAccessControlFilter->filter()
#8 C:\yii\framework\web\filters\CInlineFilter.php(58): ReservaController->filterAccessControl()
#9 C:\yii\framework\web\filters\CFilterChain.php(130): CInlineFilter->filter()
#10 C:\yii\framework\web\CController.php(291): CFilterChain->run()
#11 C:\yii\framework\web\CController.php(265): ReservaController->runActionWithFilters()
#12 C:\yii\framework\web\CWebApplication.php(282): ReservaController->run()
#13 C:\yii\framework\web\CWebApplication.php(141): CWebApplication->runController()
#14 C:\yii\framework\base\CApplication.php(185): CWebApplication->processRequest()
#15 C:\xampp\htdocs\condominium\index.php(13): CWebApplication->run()
REQUEST_URI=/condominium/index.php?r=reserva/index
in C:\xampp\htdocs\condominium\protected\views\reserva\index.php (20)
in C:\xampp\htdocs\condominium\protected\controllers\ReservaController.php (140)
in C:\xampp\htdocs\condominium\index.php (13)
